[INFO] Scanning for projects...
[INFO] 
[INFO] ----------------< com.marketplace:digital-marketplace >-----------------
[INFO] Building digital-marketplace 0.0.1-SNAPSHOT
[INFO]   from pom.xml
[INFO] --------------------------------[ jar ]---------------------------------
[INFO] 
[INFO] >>> spring-boot:3.2.5:run (default-cli) > test-compile @ digital-marketplace >>>
[INFO] 
[INFO] --- resources:3.3.1:resources (default-resources) @ digital-marketplace ---
[INFO] Copying 1 resource from src\main\resources to target\classes
[INFO] Copying 0 resource from src\main\resources to target\classes
[INFO] 
[INFO] --- compiler:3.11.0:compile (default-compile) @ digital-marketplace ---
[INFO] Nothing to compile - all classes are up to date
[INFO] 
[INFO] --- resources:3.3.1:testResources (default-testResources) @ digital-marketplace ---
[INFO] skip non existing resourceDirectory D:\New folder\iomp\src\test\resources
[INFO] 
[INFO] --- compiler:3.11.0:testCompile (default-testCompile) @ digital-marketplace ---
[INFO] Nothing to compile - all classes are up to date
[INFO] 
[INFO] <<< spring-boot:3.2.5:run (default-cli) < test-compile @ digital-marketplace <<<
[INFO] 
[INFO] 
[INFO] --- spring-boot:3.2.5:run (default-cli) @ digital-marketplace ---
[INFO] Attaching agents: []
Standard Commons Logging discovery in action with spring-jcl: please remove commons-logging.jar from classpath in order to avoid potential conflicts

  .   ____          _            __ _ _
 /\\ / ___'_ __ _ _(_)_ __  __ _ \ \ \ \
( ( )\___ | '_ | '_| | '_ \/ _` | \ \ \ \
 \\/  ___)| |_)| | | | | || (_| |  ) ) ) )
  '  |____| .__|_| |_|_| |_\__, | / / / /
 =========|_|==============|___/=/_/_/_/
 :: Spring Boot ::                (v3.2.5)

2026-04-03T22:11:39.472+05:30  INFO 3076 --- [           main] c.m.d.DigitalMarketplaceApplication      : Starting DigitalMarketplaceApplication using Java 23.0.1 with PID 3076 (D:\New folder\iomp\target\classes started by podil in D:\New folder\iomp)
2026-04-03T22:11:39.474+05:30  INFO 3076 --- [           main] c.m.d.DigitalMarketplaceApplication      : No active profile set, falling back to 1 default profile: "default"
2026-04-03T22:11:40.932+05:30  INFO 3076 --- [           main] .s.d.r.c.RepositoryConfigurationDelegate : Bootstrapping Spring Data JPA repositories in DEFAULT mode.
2026-04-03T22:11:41.059+05:30  INFO 3076 --- [           main] .s.d.r.c.RepositoryConfigurationDelegate : Finished Spring Data repository scanning in 116 ms. Found 4 JPA repository interfaces.
2026-04-03T22:11:42.042+05:30  INFO 3076 --- [           main] o.s.b.w.embedded.tomcat.TomcatWebServer  : Tomcat initialized with port 8080 (http)
2026-04-03T22:11:42.062+05:30  INFO 3076 --- [           main] o.apache.catalina.core.StandardService   : Starting service [Tomcat]
2026-04-03T22:11:42.063+05:30  INFO 3076 --- [           main] o.apache.catalina.core.StandardEngine    : Starting Servlet engine: [Apache Tomcat/10.1.20]
2026-04-03T22:11:42.171+05:30  INFO 3076 --- [           main] o.a.c.c.C.[Tomcat].[localhost].[/]       : Initializing Spring embedded WebApplicationContext
2026-04-03T22:11:42.173+05:30  INFO 3076 --- [           main] w.s.c.ServletWebServerApplicationContext : Root WebApplicationContext: initialization completed in 2561 ms
Standard Commons Logging discovery in action with spring-jcl: please remove commons-logging.jar from classpath in order to avoid potential conflicts
2026-04-03T22:11:42.345+05:30  INFO 3076 --- [           main] o.hibernate.jpa.internal.util.LogHelper  : HHH000204: Processing PersistenceUnitInfo [name: default]
2026-04-03T22:11:42.404+05:30  INFO 3076 --- [           main] org.hibernate.Version                    : HHH000412: Hibernate ORM core version 6.4.4.Final
2026-04-03T22:11:42.462+05:30  INFO 3076 --- [           main] o.h.c.internal.RegionFactoryInitiator    : HHH000026: Second-level cache disabled
2026-04-03T22:11:42.795+05:30  INFO 3076 --- [           main] o.s.o.j.p.SpringPersistenceUnitInfo      : No LoadTimeWeaver setup: ignoring JPA class transformer
2026-04-03T22:11:42.865+05:30  INFO 3076 --- [           main] com.zaxxer.hikari.HikariDataSource       : HikariPool-1 - Starting...
2026-04-03T22:11:43.139+05:30  INFO 3076 --- [           main] com.zaxxer.hikari.pool.HikariPool        : HikariPool-1 - Added connection com.mysql.cj.jdbc.ConnectionImpl@64b73e0a
2026-04-03T22:11:43.143+05:30  INFO 3076 --- [           main] com.zaxxer.hikari.HikariDataSource       : HikariPool-1 - Start completed.
2026-04-03T22:11:43.233+05:30  WARN 3076 --- [           main] org.hibernate.orm.deprecation            : HHH90000025: MySQLDialect does not need to be specified explicitly using 'hibernate.dialect' (remove the property setting and it will be selected by default)
2026-04-03T22:11:44.766+05:30  INFO 3076 --- [           main] o.h.e.t.j.p.i.JtaPlatformInitiator       : HHH000489: No JTA platform available (set 'hibernate.transaction.jta.platform' to enable JTA platform integration)
2026-04-03T22:11:44.913+05:30  INFO 3076 --- [           main] j.LocalContainerEntityManagerFactoryBean : Initialized JPA EntityManagerFactory for persistence unit 'default'
2026-04-03T22:11:46.025+05:30  WARN 3076 --- [           main] JpaBaseConfiguration$JpaWebConfiguration : spring.jpa.open-in-view is enabled by default. Therefore, database queries may be performed during view rendering. Explicitly configure spring.jpa.open-in-view to disable this warning
2026-04-03T22:11:46.633+05:30  INFO 3076 --- [           main] o.s.s.web.DefaultSecurityFilterChain     : Will secure any request with [org.springframework.security.web.session.DisableEncodeUrlFilter@3fe59f84, org.springframework.security.web.context.request.async.WebAsyncManagerIntegrationFilter@38eafdab, org.springframework.security.web.context.SecurityContextHolderFilter@59d7d574, org.springframework.security.web.header.HeaderWriterFilter@3390621a, org.springframework.web.filter.CorsFilter@373c8f35, org.springframework.security.web.authentication.logout.LogoutFilter@48543f11, org.springframework.security.oauth2.client.web.OAuth2AuthorizationRequestRedirectFilter@4865434e, org.springframework.security.oauth2.client.web.OAuth2LoginAuthenticationFilter@2f650dae, com.marketplace.digital_marketplace.config.JwtAuthFilter@35e3f3b8, org.springframework.security.web.authentication.ui.DefaultLoginPageGeneratingFilter@4c7b4a31, org.springframework.security.web.authentication.ui.DefaultLogoutPageGeneratingFilter@1d86b636, org.springframework.security.web.savedrequest.RequestCacheAwareFilter@4417755b, org.springframework.security.web.servletapi.SecurityContextHolderAwareRequestFilter@3811464b, org.springframework.security.web.authentication.AnonymousAuthenticationFilter@e0c03bd, org.springframework.security.web.session.SessionManagementFilter@4e23ddf0, org.springframework.security.web.access.ExceptionTranslationFilter@44ec6637, org.springframework.security.web.access.intercept.AuthorizationFilter@1bd53c5c]
2026-04-03T22:11:46.988+05:30  INFO 3076 --- [           main] o.s.b.w.embedded.tomcat.TomcatWebServer  : Tomcat started on port 8080 (http) with context path ''
2026-04-03T22:11:46.991+05:30  INFO 3076 --- [           main] o.s.m.s.b.SimpleBrokerMessageHandler     : Starting...
2026-04-03T22:11:46.992+05:30  INFO 3076 --- [           main] o.s.m.s.b.SimpleBrokerMessageHandler     : BrokerAvailabilityEvent[available=true, SimpleBrokerMessageHandler [org.springframework.messaging.simp.broker.DefaultSubscriptionRegistry@4c5379f5]]
2026-04-03T22:11:46.993+05:30  INFO 3076 --- [           main] o.s.m.s.b.SimpleBrokerMessageHandler     : Started.
2026-04-03T22:11:47.002+05:30  INFO 3076 --- [           main] c.m.d.DigitalMarketplaceApplication      : Started DigitalMarketplaceApplication in 8.213 seconds (process running for 8.926)
Hibernate: select p1_0.product_id,p1_0.auction_end_time,p1_0.bid_increment,p1_0.brand,p1_0.category,p1_0.created_at,p1_0.current_price,p1_0.damages,p1_0.description,p1_0.image_path,p1_0.location,p1_0.name,p1_0.product_condition,p1_0.purchase_month,p1_0.purchase_year,p1_0.sale_type,p1_0.seller_id,p1_0.starting_price,p1_0.status,p1_0.warranty_remaining,p1_0.winner_id from products p1_0 where p1_0.status=? and p1_0.auction_end_time<?
